Flow report for lab3cc
Tue Oct 10 20:49:48 2023
Quartus II 32-bit Version 13.0.1 Build 232 06/12/2013 Service Pack 1 SJ Full Version


---------------------
; Table of Contents ;
---------------------
  1. Legal Notice
  2. Flow Summary
  3. Flow Settings
  4. Flow Non-Default Global Settings
  5. Flow Elapsed Time
  6. Flow OS Summary
  7. Flow Log
  8. Flow Messages
  9. Flow Suppressed Messages



----------------
; Legal Notice ;
----------------
Copyright (C) 1991-2013 Altera Corporation
Your use of Altera Corporation's design tools, logic functions 
and other software and tools, and its AMPP partner logic 
functions, and any output files from any of the foregoing 
(including device programming or simulation files), and any 
associated documentation or information are expressly subject 
to the terms and conditions of the Altera Program License 
Subscription Agreement, Altera MegaCore Function License 
Agreement, or other applicable license agreement, including, 
without limitation, that your use is for the sole purpose of 
programming logic devices manufactured by Altera and sold by 
Altera or its authorized distributors.  Please refer to the 
applicable agreement for further details.



+---------------------------------------------------------------------------------------+
; Flow Summary                                                                          ;
+------------------------------------+--------------------------------------------------+
; Flow Status                        ; Successful - Tue Oct 10 20:49:44 2023            ;
; Quartus II 32-bit Version          ; 13.0.1 Build 232 06/12/2013 SP 1 SJ Full Version ;
; Revision Name                      ; lab3cc                                           ;
; Top-level Entity Name              ; CombinedASU2                                     ;
; Family                             ; Cyclone II                                       ;
; Device                             ; EP2C35F672C6                                     ;
; Timing Models                      ; Final                                            ;
; Total logic elements               ; 11 / 33,216 ( < 1 % )                            ;
;     Total combinational functions  ; 11 / 33,216 ( < 1 % )                            ;
;     Dedicated logic registers      ; 0 / 33,216 ( 0 % )                               ;
; Total registers                    ; 0                                                ;
; Total pins                         ; 23 / 475 ( 5 % )                                 ;
; Total virtual pins                 ; 0                                                ;
; Total memory bits                  ; 0 / 483,840 ( 0 % )                              ;
; Embedded Multiplier 9-bit elements ; 0 / 70 ( 0 % )                                   ;
; Total PLLs                         ; 0 / 4 ( 0 % )                                    ;
+------------------------------------+--------------------------------------------------+


+-----------------------------------------+
; Flow Settings                           ;
+-------------------+---------------------+
; Option            ; Setting             ;
+-------------------+---------------------+
; Start date & time ; 10/10/2023 20:49:28 ;
; Main task         ; Compilation         ;
; Revision Name     ; lab3cc              ;
+-------------------+---------------------+


+-------------------------------------------------------------------------------------------------------------------------+
; Flow Non-Default Global Settings                                                                                        ;
+-------------------------------------+---------------------------------------+---------------+--------------+------------+
; Assignment Name                     ; Value                                 ; Default Value ; Entity Name  ; Section Id ;
+-------------------------------------+---------------------------------------+---------------+--------------+------------+
; COMPILER_SIGNATURE_ID               ; 203178703721606.169698536805539       ; --            ; --           ; --         ;
; MAX_CORE_JUNCTION_TEMP              ; 85                                    ; --            ; --           ; --         ;
; MIN_CORE_JUNCTION_TEMP              ; 0                                     ; --            ; --           ; --         ;
; PARTITION_COLOR                     ; 16764057                              ; --            ; CombinedASU2 ; Top        ;
; PARTITION_FITTER_PRESERVATION_LEVEL ; PLACEMENT_AND_ROUTING                 ; --            ; CombinedASU2 ; Top        ;
; PARTITION_NETLIST_TYPE              ; SOURCE                                ; --            ; CombinedASU2 ; Top        ;
; POWER_BOARD_THERMAL_MODEL           ; None (CONSERVATIVE)                   ; --            ; --           ; --         ;
; POWER_PRESET_COOLING_SOLUTION       ; 23 MM HEAT SINK WITH 200 LFPM AIRFLOW ; --            ; --           ; --         ;
; PROJECT_OUTPUT_DIRECTORY            ; output_files                          ; --            ; --           ; --         ;
; TOP_LEVEL_ENTITY                    ; CombinedASU2                          ; lab3cc        ; --           ; --         ;
+-------------------------------------+---------------------------------------+---------------+--------------+------------+


+-------------------------------------------------------------------------------------------------------------------------------+
; Flow Elapsed Time                                                                                                             ;
+---------------------------+--------------+-------------------------+---------------------+------------------------------------+
; Module Name               ; Elapsed Time ; Average Processors Used ; Peak Virtual Memory ; Total CPU Time (on all processors) ;
+---------------------------+--------------+-------------------------+---------------------+------------------------------------+
; Analysis & Synthesis      ; 00:00:02     ; 1.0                     ; 359 MB              ; 00:00:02                           ;
; Fitter                    ; 00:00:05     ; 1.0                     ; 540 MB              ; 00:00:05                           ;
; Assembler                 ; 00:00:03     ; 1.0                     ; 343 MB              ; 00:00:02                           ;
; TimeQuest Timing Analyzer ; 00:00:03     ; 1.0                     ; 324 MB              ; 00:00:01                           ;
; Total                     ; 00:00:13     ; --                      ; --                  ; 00:00:10                           ;
+---------------------------+--------------+-------------------------+---------------------+------------------------------------+


+-------------------------------------------------------------------------------------------------+
; Flow OS Summary                                                                                 ;
+---------------------------+----------------------+--------------+--------------+----------------+
; Module Name               ; Machine Hostname     ; OS Name      ; OS Version   ; Processor type ;
+---------------------------+----------------------+--------------+--------------+----------------+
; Analysis & Synthesis      ; bacrot.ee.ryerson.ca ; CentOS Linux ; CentOS Linux ; x86_64         ;
; Fitter                    ; bacrot.ee.ryerson.ca ; CentOS Linux ; CentOS Linux ; x86_64         ;
; Assembler                 ; bacrot.ee.ryerson.ca ; CentOS Linux ; CentOS Linux ; x86_64         ;
; TimeQuest Timing Analyzer ; bacrot.ee.ryerson.ca ; CentOS Linux ; CentOS Linux ; x86_64         ;
+---------------------------+----------------------+--------------+--------------+----------------+


------------
; Flow Log ;
------------
quartus_map --read_settings_files=on --write_settings_files=off lab3cc -c lab3cc
quartus_fit --read_settings_files=off --write_settings_files=off lab3cc -c lab3cc
quartus_asm --read_settings_files=off --write_settings_files=off lab3cc -c lab3cc
quartus_sta lab3cc -c lab3cc



